Saving model (epoch =    1, top2acc = 0.6972)
Saving model (epoch =    2, top2acc = 0.7339)
Saving model (epoch =    3, top2acc = 0.7523)
Saving model (epoch =    6, top2acc = 0.7982)
Saving model (epoch =   10, top2acc = 0.8073)
ACC: 0.9018855864493448 Top2: 0.75 AUC: 0.8500512787980672 MCC: 0.4023044856444268
Saving model (epoch =    1, top2acc = 0.7064)
Saving model (epoch =    2, top2acc = 0.7339)
Saving model (epoch =    4, top2acc = 0.7615)
Saving model (epoch =    5, top2acc = 0.7706)
Saving model (epoch =    7, top2acc = 0.7798)
Saving model (epoch =    8, top2acc = 0.7890)
Saving model (epoch =   10, top2acc = 0.8165)
Saving model (epoch =   11, top2acc = 0.8257)
Saving model (epoch =   13, top2acc = 0.8624)
Saving model (epoch =   32, top2acc = 0.8716)
Saving model (epoch =   70, top2acc = 0.8807)
Saving model (epoch =   96, top2acc = 0.9083)
ACC: 0.9108341323106424 Top2: 0.7867647058823529 AUC: 0.8517297343018154 MCC: 0.4660052271465256
Saving model (epoch =    1, top2acc = 0.6514)
Saving model (epoch =    2, top2acc = 0.7798)
Saving model (epoch =    4, top2acc = 0.8257)
Saving model (epoch =    7, top2acc = 0.8349)
Saving model (epoch =    9, top2acc = 0.8440)
Saving model (epoch =   12, top2acc = 0.8532)
Saving model (epoch =   80, top2acc = 0.8624)
ACC: 0.9082774049217002 Top2: 0.7867647058823529 AUC: 0.8579815184867997 MCC: 0.4310972856149413
Saving model (epoch =    1, top2acc = 0.5596)
Saving model (epoch =    2, top2acc = 0.6055)
Saving model (epoch =    3, top2acc = 0.6789)
Saving model (epoch =    4, top2acc = 0.6972)
Saving model (epoch =    8, top2acc = 0.7339)
Saving model (epoch =    9, top2acc = 0.7431)
Saving model (epoch =   11, top2acc = 0.7523)
Saving model (epoch =   13, top2acc = 0.7615)
Saving model (epoch =   14, top2acc = 0.7798)
Saving model (epoch =   18, top2acc = 0.7982)
Saving model (epoch =   23, top2acc = 0.8073)
Saving model (epoch =   25, top2acc = 0.8165)
Saving model (epoch =   34, top2acc = 0.8349)
Saving model (epoch =   42, top2acc = 0.8440)
Saving model (epoch =   47, top2acc = 0.8532)
Saving model (epoch =   95, top2acc = 0.8716)
ACC: 0.9034835410674337 Top2: 0.7794117647058824 AUC: 0.8742908195092037 MCC: 0.4174822611222901
Saving model (epoch =    1, top2acc = 0.5556)
Saving model (epoch =    2, top2acc = 0.6852)
Saving model (epoch =    3, top2acc = 0.7407)
Saving model (epoch =    4, top2acc = 0.7778)
Saving model (epoch =    6, top2acc = 0.7963)
Saving model (epoch =    7, top2acc = 0.8241)
Saving model (epoch =    9, top2acc = 0.8426)
Saving model (epoch =   27, top2acc = 0.8519)
Saving model (epoch =   47, top2acc = 0.8704)
ACC: 0.9111537232342601 Top2: 0.7867647058823529 AUC: 0.8585566868609974 MCC: 0.4365377301986084
Saving model (epoch =    1, top2acc = 0.6697)
Saving model (epoch =    3, top2acc = 0.7248)
Saving model (epoch =    5, top2acc = 0.7339)
Saving model (epoch =    8, top2acc = 0.7798)
Saving model (epoch =   13, top2acc = 0.7982)
Saving model (epoch =   30, top2acc = 0.8073)
Saving model (epoch =   46, top2acc = 0.8532)
ACC: 0.9149888143176734 Top2: 0.8088235294117647 AUC: 0.8744599866780853 MCC: 0.4530677360787016
Saving model (epoch =    1, top2acc = 0.5872)
Saving model (epoch =    2, top2acc = 0.6789)
Saving model (epoch =    4, top2acc = 0.7615)
Saving model (epoch =    8, top2acc = 0.7706)
Saving model (epoch =   10, top2acc = 0.8073)
Saving model (epoch =   12, top2acc = 0.8165)
Saving model (epoch =   16, top2acc = 0.8349)
Saving model (epoch =   42, top2acc = 0.8440)
Saving model (epoch =   65, top2acc = 0.8716)
ACC: 0.9082774049217002 Top2: 0.7867647058823529 AUC: 0.8622117550036477 MCC: 0.40553728286108065
Saving model (epoch =    1, top2acc = 0.6422)
Saving model (epoch =    2, top2acc = 0.7798)
Saving model (epoch =    3, top2acc = 0.7890)
Saving model (epoch =    4, top2acc = 0.7982)
Saving model (epoch =    6, top2acc = 0.8257)
Saving model (epoch =   12, top2acc = 0.8349)
Saving model (epoch =   39, top2acc = 0.8532)
Saving model (epoch =   47, top2acc = 0.8807)
Saving model (epoch =   65, top2acc = 0.8899)
Saving model (epoch =   91, top2acc = 0.8991)
ACC: 0.9105145413870246 Top2: 0.7352941176470589 AUC: 0.86079815184868 MCC: 0.4252896309550956
Saving model (epoch =    1, top2acc = 0.6697)
Saving model (epoch =    2, top2acc = 0.7339)
Saving model (epoch =    4, top2acc = 0.7523)
Saving model (epoch =    5, top2acc = 0.7982)
Saving model (epoch =    7, top2acc = 0.8165)
Saving model (epoch =   11, top2acc = 0.8257)
Saving model (epoch =   33, top2acc = 0.8349)
Saving model (epoch =   52, top2acc = 0.8440)
ACC: 0.9025247682965803 Top2: 0.8308823529411765 AUC: 0.8667496643088992 MCC: 0.4710573516967618
Saving model (epoch =    1, top2acc = 0.6667)
Saving model (epoch =    2, top2acc = 0.7130)
Saving model (epoch =    3, top2acc = 0.7685)
Saving model (epoch =    8, top2acc = 0.8148)
Saving model (epoch =   15, top2acc = 0.8241)
Saving model (epoch =   16, top2acc = 0.8426)
Saving model (epoch =   34, top2acc = 0.8519)
Saving model (epoch =   88, top2acc = 0.8704)
Saving model (epoch =   97, top2acc = 0.8796)
ACC: 0.8958133589006072 Top2: 0.8161764705882353 AUC: 0.8684778126685062 MCC: 0.4759947928288178
Saving model (epoch =    1, top2acc = 0.6972)
Saving model (epoch =    2, top2acc = 0.7523)
Saving model (epoch =    3, top2acc = 0.7615)
Saving model (epoch =    5, top2acc = 0.7982)
Saving model (epoch =    7, top2acc = 0.8624)
Saving model (epoch =   22, top2acc = 0.8716)
Saving model (epoch =   37, top2acc = 0.8807)
Saving model (epoch =   38, top2acc = 0.8899)
ACC: 0.9143496324704379 Top2: 0.8161764705882353 AUC: 0.8721143781520602 MCC: 0.448042429820007
Saving model (epoch =    1, top2acc = 0.6239)
Saving model (epoch =    2, top2acc = 0.6881)
Saving model (epoch =    5, top2acc = 0.7248)
Saving model (epoch =    6, top2acc = 0.7706)
Saving model (epoch =   14, top2acc = 0.7798)
Saving model (epoch =   18, top2acc = 0.7890)
Saving model (epoch =   24, top2acc = 0.7982)
Saving model (epoch =   78, top2acc = 0.8073)
ACC: 0.9012464046021093 Top2: 0.8014705882352942 AUC: 0.8698887725864604 MCC: 0.4559306317241782
Saving model (epoch =    1, top2acc = 0.6789)
Saving model (epoch =    2, top2acc = 0.7064)
Saving model (epoch =    4, top2acc = 0.7523)
Saving model (epoch =   13, top2acc = 0.7615)
Saving model (epoch =   22, top2acc = 0.7798)
Saving model (epoch =   25, top2acc = 0.7890)
Saving model (epoch =   30, top2acc = 0.8165)
Saving model (epoch =   91, top2acc = 0.8532)
ACC: 0.9124320869287312 Top2: 0.7794117647058824 AUC: 0.8716639705649126 MCC: 0.446835508354796
Saving model (epoch =    1, top2acc = 0.7431)
Saving model (epoch =    2, top2acc = 0.7615)
Saving model (epoch =    5, top2acc = 0.7798)
Saving model (epoch =    6, top2acc = 0.8257)
Saving model (epoch =   12, top2acc = 0.8349)
Saving model (epoch =   14, top2acc = 0.8532)
Saving model (epoch =   44, top2acc = 0.8624)
ACC: 0.9117929050814957 Top2: 0.7794117647058824 AUC: 0.8656960700352079 MCC: 0.4379933904441828
Saving model (epoch =    1, top2acc = 0.6389)
Saving model (epoch =    2, top2acc = 0.7407)
Saving model (epoch =    4, top2acc = 0.8148)
Saving model (epoch =   11, top2acc = 0.8519)
Saving model (epoch =   12, top2acc = 0.8611)
Saving model (epoch =   13, top2acc = 0.8704)
Saving model (epoch =   54, top2acc = 0.8889)
Saving model (epoch =   87, top2acc = 0.8981)
ACC: 0.909875359539789 Top2: 0.7720588235294118 AUC: 0.8621583616159694 MCC: 0.4496862390152185
Saving model (epoch =    1, top2acc = 0.6514)
Saving model (epoch =    2, top2acc = 0.7431)
Saving model (epoch =    3, top2acc = 0.7706)
Saving model (epoch =    4, top2acc = 0.8257)
Saving model (epoch =   10, top2acc = 0.8532)
Saving model (epoch =   22, top2acc = 0.8624)
Saving model (epoch =   29, top2acc = 0.8807)
ACC: 0.9057206775327581 Top2: 0.8014705882352942 AUC: 0.8739392689863714 MCC: 0.3731887330589238
Saving model (epoch =    1, top2acc = 0.6330)
Saving model (epoch =    2, top2acc = 0.6881)
Saving model (epoch =    3, top2acc = 0.7064)
Saving model (epoch =    4, top2acc = 0.7156)
Saving model (epoch =    5, top2acc = 0.7431)
Saving model (epoch =    6, top2acc = 0.7798)
3g1lsage.py:153: RuntimeWarning: invalid value encountered in true_divide
  return up / down
3g1lsage.py:153: RuntimeWarning: invalid value encountered in true_divide
  return up / down
3g1lsage.py:153: RuntimeWarning: invalid value encountered in true_divide
  return up / down
3g1lsage.py:153: RuntimeWarning: invalid value encountered in true_divide
  return up / down
3g1lsage.py:153: RuntimeWarning: invalid value encountered in true_divide
  return up / down
3g1lsage.py:153: RuntimeWarning: invalid value encountered in true_divide
  return up / down
3g1lsage.py:153: RuntimeWarning: invalid value encountered in true_divide
  return up / down
3g1lsage.py:153: RuntimeWarning: invalid value encountered in true_divide
  return up / down
3g1lsage.py:153: RuntimeWarning: invalid value encountered in true_divide
  return up / down
3g1lsage.py:153: RuntimeWarning: invalid value encountered in true_divide
  return up / down
3g1lsage.py:153: RuntimeWarning: invalid value encountered in true_divide
  return up / down
3g1lsage.py:153: RuntimeWarning: invalid value encountered in true_divide
  return up / down
3g1lsage.py:153: RuntimeWarning: invalid value encountered in true_divide
  return up / down
3g1lsage.py:153: RuntimeWarning: invalid value encountered in true_divide
  return up / down
3g1lsage.py:153: RuntimeWarning: invalid value encountered in true_divide
  return up / down
3g1lsage.py:153: RuntimeWarning: invalid value encountered in true_divide
  return up / down
3g1lsage.py:153: RuntimeWarning: invalid value encountered in true_divide
  return up / down
Saving model (epoch =   12, top2acc = 0.7890)
Saving model (epoch =   16, top2acc = 0.8257)
ACC: 0.9133908596995846 Top2: 0.7794117647058824 AUC: 0.8571066070352396 MCC: 0.46571251090432
Saving model (epoch =    1, top2acc = 0.7064)
Saving model (epoch =    2, top2acc = 0.7248)
Saving model (epoch =    3, top2acc = 0.7615)
Saving model (epoch =    4, top2acc = 0.7706)
Saving model (epoch =   12, top2acc = 0.7890)
Saving model (epoch =   15, top2acc = 0.7982)
Saving model (epoch =   24, top2acc = 0.8073)
Saving model (epoch =   26, top2acc = 0.8257)
Saving model (epoch =   33, top2acc = 0.8349)
Saving model (epoch =   44, top2acc = 0.8532)
Saving model (epoch =   83, top2acc = 0.8807)
ACC: 0.9066794503036114 Top2: 0.7941176470588235 AUC: 0.8663436631035832 MCC: 0.4455879944951915
Saving model (epoch =    1, top2acc = 0.6606)
Saving model (epoch =    2, top2acc = 0.7615)
Saving model (epoch =    4, top2acc = 0.8349)
Saving model (epoch =   16, top2acc = 0.8440)
Saving model (epoch =   27, top2acc = 0.8532)
ACC: 0.9076382230744647 Top2: 0.7794117647058824 AUC: 0.8680004440638184 MCC: 0.4597949360084074
Saving model (epoch =    1, top2acc = 0.6574)
Saving model (epoch =    4, top2acc = 0.7315)
Saving model (epoch =    7, top2acc = 0.7500)
Saving model (epoch =    9, top2acc = 0.7685)
Saving model (epoch =   13, top2acc = 0.7963)
Saving model (epoch =   17, top2acc = 0.8056)
Saving model (epoch =   22, top2acc = 0.8148)
Saving model (epoch =   26, top2acc = 0.8333)
Saving model (epoch =   44, top2acc = 0.8426)
Saving model (epoch =   46, top2acc = 0.8519)
Saving model (epoch =   54, top2acc = 0.8611)
Saving model (epoch =   74, top2acc = 0.8796)
ACC: 0.8996484499840205 Top2: 0.7794117647058824 AUC: 0.8667279897653862 MCC: 0.4180143773293556
Saving model (epoch =    1, top2acc = 0.6606)
Saving model (epoch =    2, top2acc = 0.7156)
Saving model (epoch =    3, top2acc = 0.7615)
Saving model (epoch =   14, top2acc = 0.7890)
Saving model (epoch =   15, top2acc = 0.7982)
Saving model (epoch =   25, top2acc = 0.8073)
ACC: 0.9025247682965803 Top2: 0.7794117647058824 AUC: 0.87312356604392 MCC: 0.39645743423289986
Saving model (epoch =    1, top2acc = 0.6055)
Saving model (epoch =    2, top2acc = 0.7156)
Saving model (epoch =    4, top2acc = 0.7431)
Saving model (epoch =    5, top2acc = 0.7615)
Saving model (epoch =    6, top2acc = 0.7706)
Saving model (epoch =    7, top2acc = 0.7890)
Saving model (epoch =    8, top2acc = 0.8073)
Saving model (epoch =   14, top2acc = 0.8165)
Saving model (epoch =   21, top2acc = 0.8257)
Saving model (epoch =   42, top2acc = 0.8349)
Saving model (epoch =   70, top2acc = 0.8532)
ACC: 0.9082774049217002 Top2: 0.75 AUC: 0.8573228238229665 MCC: 0.42490331513511753
Saving model (epoch =    1, top2acc = 0.6514)
Saving model (epoch =    2, top2acc = 0.7156)
Saving model (epoch =    3, top2acc = 0.7248)
Saving model (epoch =    4, top2acc = 0.7615)
Saving model (epoch =    7, top2acc = 0.7982)
Saving model (epoch =   13, top2acc = 0.8073)
Saving model (epoch =   15, top2acc = 0.8165)
Saving model (epoch =   20, top2acc = 0.8349)
ACC: 0.9117929050814957 Top2: 0.7867647058823529 AUC: 0.8591614594897495 MCC: 0.4308582707612665
Saving model (epoch =    1, top2acc = 0.7064)
Saving model (epoch =    4, top2acc = 0.7248)
Saving model (epoch =    5, top2acc = 0.7523)
Saving model (epoch =    6, top2acc = 0.8073)
Saving model (epoch =    8, top2acc = 0.8165)
Saving model (epoch =   11, top2acc = 0.8349)
Saving model (epoch =   16, top2acc = 0.8440)
Saving model (epoch =   25, top2acc = 0.8532)
Saving model (epoch =   32, top2acc = 0.8624)
ACC: 0.9089165867689357 Top2: 0.8088235294117647 AUC: 0.8748987640223722 MCC: 0.4197490175894522
Saving model (epoch =    1, top2acc = 0.6944)
Saving model (epoch =    2, top2acc = 0.7593)
Saving model (epoch =    4, top2acc = 0.7778)
Saving model (epoch =    7, top2acc = 0.8148)
Saving model (epoch =   10, top2acc = 0.8333)
Saving model (epoch =   13, top2acc = 0.8426)
Saving model (epoch =   21, top2acc = 0.8519)
Saving model (epoch =   51, top2acc = 0.8611)
Saving model (epoch =   69, top2acc = 0.8704)
Saving model (epoch =   78, top2acc = 0.8796)
ACC: 0.9054010866091403 Top2: 0.7941176470588235 AUC: 0.8642533912730886 MCC: 0.4336720596224455
Saving model (epoch =    1, top2acc = 0.4128)
Saving model (epoch =    2, top2acc = 0.4954)
Saving model (epoch =    3, top2acc = 0.5046)
Saving model (epoch =   13, top2acc = 0.5138)
Saving model (epoch =   14, top2acc = 0.5596)
Saving model (epoch =   21, top2acc = 0.5872)
Saving model (epoch =   31, top2acc = 0.6147)
Saving model (epoch =   37, top2acc = 0.6239)
Saving model (epoch =   51, top2acc = 0.6606)
Saving model (epoch =   61, top2acc = 0.6789)
Saving model (epoch =   70, top2acc = 0.6881)
Saving model (epoch =   71, top2acc = 0.7248)
ACC: 0.9009268136784915 Top2: 0.6617647058823529 AUC: 0.7643718082913058 MCC: 0.3378517205174235
Saving model (epoch =    1, top2acc = 0.4404)
Saving model (epoch =    2, top2acc = 0.4862)
Saving model (epoch =    3, top2acc = 0.5596)
Saving model (epoch =    4, top2acc = 0.6055)
Saving model (epoch =    7, top2acc = 0.6147)
Saving model (epoch =    9, top2acc = 0.6239)
Saving model (epoch =   11, top2acc = 0.6330)
Saving model (epoch =   16, top2acc = 0.6514)
Saving model (epoch =   19, top2acc = 0.6606)
Saving model (epoch =   26, top2acc = 0.6789)
Saving model (epoch =   29, top2acc = 0.6881)
Saving model (epoch =   32, top2acc = 0.6972)
Saving model (epoch =   37, top2acc = 0.7248)
Saving model (epoch =   86, top2acc = 0.7339)
ACC: 0.9028443592201981 Top2: 0.5882352941176471 AUC: 0.7573830896268807 MCC: 0.3460624433220806
Saving model (epoch =    1, top2acc = 0.4771)
Saving model (epoch =    3, top2acc = 0.5229)
Saving model (epoch =    5, top2acc = 0.5780)
Saving model (epoch =   12, top2acc = 0.5872)
Saving model (epoch =   14, top2acc = 0.6514)
Saving model (epoch =   25, top2acc = 0.7339)
Saving model (epoch =   55, top2acc = 0.7523)
Saving model (epoch =   74, top2acc = 0.7615)
Saving model (epoch =   85, top2acc = 0.7706)
Saving model (epoch =   94, top2acc = 0.7798)
ACC: 0.9034835410674337 Top2: 0.6470588235294118 AUC: 0.7616080396697011 MCC: 0.36120220121661245
Saving model (epoch =    1, top2acc = 0.3761)
Saving model (epoch =    2, top2acc = 0.4128)
Saving model (epoch =    3, top2acc = 0.4404)
Saving model (epoch =    4, top2acc = 0.4679)
Saving model (epoch =    5, top2acc = 0.4771)
Saving model (epoch =    9, top2acc = 0.4954)
Saving model (epoch =   12, top2acc = 0.5138)
Saving model (epoch =   13, top2acc = 0.5321)
Saving model (epoch =   17, top2acc = 0.5872)
Saving model (epoch =   40, top2acc = 0.6055)
ACC: 0.9031639501438159 Top2: 0.5955882352941176 AUC: 0.7511672534652838 MCC: 0.3536867153019712
Saving model (epoch =    1, top2acc = 0.4444)
Saving model (epoch =    2, top2acc = 0.5556)
Saving model (epoch =    5, top2acc = 0.5833)
Saving model (epoch =    6, top2acc = 0.6019)
Saving model (epoch =   13, top2acc = 0.6111)
Saving model (epoch =   25, top2acc = 0.6296)
Saving model (epoch =   34, top2acc = 0.6389)
Saving model (epoch =   61, top2acc = 0.6481)
Saving model (epoch =   89, top2acc = 0.6574)
Saving model (epoch =  100, top2acc = 0.7037)
ACC: 0.9018855864493448 Top2: 0.6985294117647058 AUC: 0.7793626626912382 MCC: 0.3448031791909794
Saving model (epoch =    1, top2acc = 0.4037)
Saving model (epoch =    2, top2acc = 0.5229)
Saving model (epoch =    5, top2acc = 0.5321)
Saving model (epoch =    6, top2acc = 0.5413)
Saving model (epoch =    9, top2acc = 0.5505)
Saving model (epoch =   10, top2acc = 0.5596)
Saving model (epoch =   12, top2acc = 0.5688)
Saving model (epoch =   16, top2acc = 0.5963)
Saving model (epoch =   25, top2acc = 0.6422)
Saving model (epoch =   67, top2acc = 0.6697)
ACC: 0.901565995525727 Top2: 0.6911764705882353 AUC: 0.7850086169526649 MCC: 0.34450316403090037
Saving model (epoch =    1, top2acc = 0.4404)
Saving model (epoch =    2, top2acc = 0.4771)
Saving model (epoch =    3, top2acc = 0.5138)
Saving model (epoch =    4, top2acc = 0.5229)
Saving model (epoch =   10, top2acc = 0.5596)
Saving model (epoch =   15, top2acc = 0.5688)
Saving model (epoch =   22, top2acc = 0.5780)
Saving model (epoch =   24, top2acc = 0.5872)
Saving model (epoch =   27, top2acc = 0.6147)
Saving model (epoch =   30, top2acc = 0.6330)
Saving model (epoch =   36, top2acc = 0.6606)
Saving model (epoch =   43, top2acc = 0.6789)
Saving model (epoch =   56, top2acc = 0.6881)
Saving model (epoch =   95, top2acc = 0.6972)
ACC: 0.9009268136784915 Top2: 0.6764705882352942 AUC: 0.7775467588627737 MCC: 0.33318118484849946
Saving model (epoch =    1, top2acc = 0.4954)
Saving model (epoch =    2, top2acc = 0.5229)
Saving model (epoch =    3, top2acc = 0.5505)
Saving model (epoch =    5, top2acc = 0.6055)
Saving model (epoch =   10, top2acc = 0.6330)
Saving model (epoch =   16, top2acc = 0.6422)
Saving model (epoch =   25, top2acc = 0.6697)
Saving model (epoch =   53, top2acc = 0.6881)
Saving model (epoch =   67, top2acc = 0.7248)
ACC: 0.9031639501438159 Top2: 0.6544117647058824 AUC: 0.7545812583922775 MCC: 0.3522668550697301
Saving model (epoch =    1, top2acc = 0.3853)
Saving model (epoch =    2, top2acc = 0.4404)
Saving model (epoch =    3, top2acc = 0.4679)
Saving model (epoch =    5, top2acc = 0.4771)
Saving model (epoch =    8, top2acc = 0.5321)
Saving model (epoch =   13, top2acc = 0.5688)
Saving model (epoch =   16, top2acc = 0.6055)
Saving model (epoch =   21, top2acc = 0.6514)
Saving model (epoch =   33, top2acc = 0.6606)
Saving model (epoch =   42, top2acc = 0.6697)
Saving model (epoch =   43, top2acc = 0.6789)
Saving model (epoch =   47, top2acc = 0.6881)
Saving model (epoch =   52, top2acc = 0.7064)
Saving model (epoch =   83, top2acc = 0.7156)
ACC: 0.9034835410674337 Top2: 0.6617647058823529 AUC: 0.7704998889840454 MCC: 0.36120220121661245
Saving model (epoch =    1, top2acc = 0.4352)
Saving model (epoch =    3, top2acc = 0.5093)
Saving model (epoch =    5, top2acc = 0.5185)
Saving model (epoch =    6, top2acc = 0.5741)
Saving model (epoch =   14, top2acc = 0.6019)
Saving model (epoch =   24, top2acc = 0.6111)
Saving model (epoch =   28, top2acc = 0.6389)
Saving model (epoch =   39, top2acc = 0.6574)
Saving model (epoch =   44, top2acc = 0.6759)
Saving model (epoch =   56, top2acc = 0.6852)
Saving model (epoch =   69, top2acc = 0.7130)
Saving model (epoch =   76, top2acc = 0.7593)
ACC: 0.9025247682965803 Top2: 0.6617647058823529 AUC: 0.7714916315116145 MCC: 0.34412303037260455
Saving model (epoch =    1, top2acc = 0.4037)
Saving model (epoch =    2, top2acc = 0.4404)
Saving model (epoch =    3, top2acc = 0.4862)
Saving model (epoch =    4, top2acc = 0.5321)
Saving model (epoch =    8, top2acc = 0.5505)
Saving model (epoch =   10, top2acc = 0.5872)
Saving model (epoch =   18, top2acc = 0.6055)
Saving model (epoch =   27, top2acc = 0.6422)
Saving model (epoch =   30, top2acc = 0.6514)
Saving model (epoch =   32, top2acc = 0.6606)
Saving model (epoch =   37, top2acc = 0.6881)
Saving model (epoch =   78, top2acc = 0.7156)
ACC: 0.9034835410674337 Top2: 0.6544117647058824 AUC: 0.7708181347205041 MCC: 0.34862351810384745
Saving model (epoch =    1, top2acc = 0.4862)
Saving model (epoch =    3, top2acc = 0.5596)
Saving model (epoch =   15, top2acc = 0.5688)
Saving model (epoch =   18, top2acc = 0.5872)
Saving model (epoch =   24, top2acc = 0.5963)
Saving model (epoch =   29, top2acc = 0.6147)
Saving model (epoch =   43, top2acc = 0.6330)
Saving model (epoch =   53, top2acc = 0.6422)
Saving model (epoch =   72, top2acc = 0.6514)
Saving model (epoch =   75, top2acc = 0.6606)
Saving model (epoch =   78, top2acc = 0.6881)
Saving model (epoch =   92, top2acc = 0.6972)
ACC: 0.900287631831256 Top2: 0.6397058823529411 AUC: 0.7607923367272496 MCC: 0.31349663213269313
Saving model (epoch =    1, top2acc = 0.3853)
Saving model (epoch =    2, top2acc = 0.5138)
Saving model (epoch =    9, top2acc = 0.5229)
Saving model (epoch =   10, top2acc = 0.5321)
Saving model (epoch =   13, top2acc = 0.5505)
Saving model (epoch =   17, top2acc = 0.5688)
Saving model (epoch =   21, top2acc = 0.5780)
Saving model (epoch =   28, top2acc = 0.5963)
Saving model (epoch =   34, top2acc = 0.6055)
Saving model (epoch =   53, top2acc = 0.6239)
Saving model (epoch =   65, top2acc = 0.6330)
Saving model (epoch =   84, top2acc = 0.6606)
base.py:153: RuntimeWarning: invalid value encountered in true_divide
  return up / down
base.py:153: RuntimeWarning: invalid value encountered in true_divide
  return up / down
base.py:153: RuntimeWarning: invalid value encountered in true_divide
  return up / down
base.py:153: RuntimeWarning: invalid value encountered in true_divide
  return up / down
base.py:153: RuntimeWarning: invalid value encountered in true_divide
  return up / down
base.py:153: RuntimeWarning: invalid value encountered in true_divide
  return up / down
base.py:153: RuntimeWarning: invalid value encountered in true_divide
  return up / down
base.py:153: RuntimeWarning: invalid value encountered in true_divide
  return up / down
base.py:153: RuntimeWarning: invalid value encountered in true_divide
  return up / down
base.py:153: RuntimeWarning: invalid value encountered in true_divide
  return up / down
base.py:153: RuntimeWarning: invalid value encountered in true_divide
  return up / down
base.py:153: RuntimeWarning: invalid value encountered in true_divide
  return up / down
base.py:153: RuntimeWarning: invalid value encountered in true_divide
  return up / down
base.py:153: RuntimeWarning: invalid value encountered in true_divide
  return up / down
base.py:153: RuntimeWarning: invalid value encountered in true_divide
  return up / down
base.py:153: RuntimeWarning: invalid value encountered in true_divide
  return up / down
base.py:153: RuntimeWarning: invalid value encountered in true_divide
  return up / down
base.py:153: RuntimeWarning: invalid value encountered in true_divide
  return up / down
base.py:153: RuntimeWarning: invalid value encountered in true_divide
  return up / down
base.py:153: RuntimeWarning: invalid value encountered in true_divide
  return up / down
base.py:153: RuntimeWarning: invalid value encountered in true_divide
  return up / down
base.py:153: RuntimeWarning: invalid value encountered in true_divide
  return up / down
base.py:153: RuntimeWarning: invalid value encountered in true_divide
  return up / down
base.py:153: RuntimeWarning: invalid value encountered in true_divide
  return up / down
base.py:153: RuntimeWarning: invalid value encountered in true_divide
  return up / down
base.py:153: RuntimeWarning: invalid value encountered in true_divide
  return up / down
base.py:153: RuntimeWarning: invalid value encountered in true_divide
  return up / down
base.py:153: RuntimeWarning: invalid value encountered in true_divide
  return up / down
base.py:153: RuntimeWarning: invalid value encountered in true_divide
  return up / down
base.py:153: RuntimeWarning: invalid value encountered in true_divide
  return up / down
base.py:153: RuntimeWarning: invalid value encountered in true_divide
  return up / down
base.py:153: RuntimeWarning: invalid value encountered in true_divide
  return up / down
base.py:153: RuntimeWarning: invalid value encountered in true_divide
  return up / down
base.py:153: RuntimeWarning: invalid value encountered in true_divide
  return up / down
base.py:153: RuntimeWarning: invalid value encountered in true_divide
  return up / down
base.py:153: RuntimeWarning: invalid value encountered in true_divide
  return up / down
base.py:153: RuntimeWarning: invalid value encountered in true_divide
  return up / down
base.py:153: RuntimeWarning: invalid value encountered in true_divide
  return up / down
base.py:153: RuntimeWarning: invalid value encountered in true_divide
  return up / down
base.py:153: RuntimeWarning: invalid value encountered in true_divide
  return up / down
base.py:153: RuntimeWarning: invalid value encountered in true_divide
  return up / down
base.py:153: RuntimeWarning: invalid value encountered in true_divide
  return up / down
base.py:153: RuntimeWarning: invalid value encountered in true_divide
  return up / down
base.py:153: RuntimeWarning: invalid value encountered in true_divide
  return up / down
base.py:153: RuntimeWarning: invalid value encountered in true_divide
  return up / down
base.py:153: RuntimeWarning: invalid value encountered in true_divide
  return up / down
base.py:153: RuntimeWarning: invalid value encountered in true_divide
  return up / down
base.py:153: RuntimeWarning: invalid value encountered in true_divide
  return up / down
base.py:153: RuntimeWarning: invalid value encountered in true_divide
  return up / down
base.py:153: RuntimeWarning: invalid value encountered in true_divide
  return up / down
base.py:153: RuntimeWarning: invalid value encountered in true_divide
  return up / down
base.py:153: RuntimeWarning: invalid value encountered in true_divide
  return up / down
base.py:153: RuntimeWarning: invalid value encountered in true_divide
  return up / down
base.py:153: RuntimeWarning: invalid value encountered in true_divide
  return up / down
base.py:153: RuntimeWarning: invalid value encountered in true_divide
  return up / down
base.py:153: RuntimeWarning: invalid value encountered in true_divide
  return up / down
base.py:153: RuntimeWarning: invalid value encountered in true_divide
  return up / down
base.py:153: RuntimeWarning: invalid value encountered in true_divide
  return up / down
base.py:153: RuntimeWarning: invalid value encountered in true_divide
  return up / down
base.py:153: RuntimeWarning: invalid value encountered in true_divide
  return up / down
base.py:153: RuntimeWarning: invalid value encountered in true_divide
  return up / down
base.py:153: RuntimeWarning: invalid value encountered in true_divide
  return up / down
base.py:153: RuntimeWarning: invalid value encountered in true_divide
  return up / down
base.py:153: RuntimeWarning: invalid value encountered in true_divide
  return up / down
base.py:153: RuntimeWarning: invalid value encountered in true_divide
  return up / down
base.py:153: RuntimeWarning: invalid value encountered in true_divide
  return up / down
base.py:153: RuntimeWarning: invalid value encountered in true_divide
  return up / down
base.py:153: RuntimeWarning: invalid value encountered in true_divide
  return up / down
base.py:153: RuntimeWarning: invalid value encountered in true_divide
  return up / down
base.py:153: RuntimeWarning: invalid value encountered in true_divide
  return up / down
base.py:153: RuntimeWarning: invalid value encountered in true_divide
  return up / down
base.py:153: RuntimeWarning: invalid value encountered in true_divide
  return up / down
base.py:153: RuntimeWarning: invalid value encountered in true_divide
  return up / down
base.py:153: RuntimeWarning: invalid value encountered in true_divide
  return up / down
base.py:153: RuntimeWarning: invalid value encountered in true_divide
  return up / down
base.py:153: RuntimeWarning: invalid value encountered in true_divide
  return up / down
base.py:153: RuntimeWarning: invalid value encountered in true_divide
  return up / down
base.py:153: RuntimeWarning: invalid value encountered in true_divide
  return up / down
base.py:153: RuntimeWarning: invalid value encountered in true_divide
  return up / down
base.py:153: RuntimeWarning: invalid value encountered in true_divide
  return up / down
base.py:153: RuntimeWarning: invalid value encountered in true_divide
  return up / down
base.py:153: RuntimeWarning: invalid value encountered in true_divide
  return up / down
base.py:153: RuntimeWarning: invalid value encountered in true_divide
  return up / down
base.py:153: RuntimeWarning: invalid value encountered in true_divide
  return up / down
base.py:153: RuntimeWarning: invalid value encountered in true_divide
  return up / down
base.py:153: RuntimeWarning: invalid value encountered in true_divide
  return up / down
base.py:153: RuntimeWarning: invalid value encountered in true_divide
  return up / down
base.py:153: RuntimeWarning: invalid value encountered in true_divide
  return up / down
base.py:153: RuntimeWarning: invalid value encountered in true_divide
  return up / down
base.py:153: RuntimeWarning: invalid value encountered in true_divide
  return up / down
base.py:153: RuntimeWarning: invalid value encountered in true_divide
  return up / down
base.py:153: RuntimeWarning: invalid value encountered in true_divide
  return up / down
base.py:153: RuntimeWarning: invalid value encountered in true_divide
  return up / down
base.py:153: RuntimeWarning: invalid value encountered in true_divide
  return up / down
base.py:153: RuntimeWarning: invalid value encountered in true_divide
  return up / down
base.py:153: RuntimeWarning: invalid value encountered in true_divide
  return up / down
base.py:153: RuntimeWarning: invalid value encountered in true_divide
  return up / down
base.py:153: RuntimeWarning: invalid value encountered in true_divide
  return up / down
base.py:153: RuntimeWarning: invalid value encountered in true_divide
  return up / down
base.py:153: RuntimeWarning: invalid value encountered in true_divide
  return up / down
base.py:153: RuntimeWarning: invalid value encountered in true_divide
  return up / down
base.py:153: RuntimeWarning: invalid value encountered in true_divide
  return up / down
base.py:153: RuntimeWarning: invalid value encountered in true_divide
  return up / down
base.py:153: RuntimeWarning: invalid value encountered in true_divide
  return up / down
base.py:153: RuntimeWarning: invalid value encountered in true_divide
  return up / down
base.py:153: RuntimeWarning: invalid value encountered in true_divide
  return up / down
base.py:153: RuntimeWarning: invalid value encountered in true_divide
  return up / down
base.py:153: RuntimeWarning: invalid value encountered in true_divide
  return up / down
base.py:153: RuntimeWarning: invalid value encountered in true_divide
  return up / down
base.py:153: RuntimeWarning: invalid value encountered in true_divide
  return up / down
base.py:153: RuntimeWarning: invalid value encountered in true_divide
  return up / down
base.py:153: RuntimeWarning: invalid value encountered in true_divide
  return up / down
base.py:153: RuntimeWarning: invalid value encountered in true_divide
  return up / down
base.py:153: RuntimeWarning: invalid value encountered in true_divide
  return up / down
base.py:153: RuntimeWarning: invalid value encountered in true_divide
  return up / down
base.py:153: RuntimeWarning: invalid value encountered in true_divide
  return up / down
base.py:153: RuntimeWarning: invalid value encountered in true_divide
  return up / down
base.py:153: RuntimeWarning: invalid value encountered in true_divide
  return up / down
base.py:153: RuntimeWarning: invalid value encountered in true_divide
  return up / down
base.py:153: RuntimeWarning: invalid value encountered in true_divide
  return up / down
base.py:153: RuntimeWarning: invalid value encountered in true_divide
  return up / down
base.py:153: RuntimeWarning: invalid value encountered in true_divide
  return up / down
base.py:153: RuntimeWarning: invalid value encountered in true_divide
  return up / down
base.py:153: RuntimeWarning: invalid value encountered in true_divide
  return up / down
base.py:153: RuntimeWarning: invalid value encountered in true_divide
  return up / down
base.py:153: RuntimeWarning: invalid value encountered in true_divide
  return up / down
ACC: 0.8983700862895494 Top2: 0.6470588235294118 AUC: 0.7800345735401403 MCC: 0.3274607830382028
Saving model (epoch =    1, top2acc = 0.4037)
Saving model (epoch =    2, top2acc = 0.4862)
Saving model (epoch =    3, top2acc = 0.5321)
Saving model (epoch =    6, top2acc = 0.5596)
Saving model (epoch =   14, top2acc = 0.5872)
Saving model (epoch =   18, top2acc = 0.5963)
Saving model (epoch =   20, top2acc = 0.6055)
Saving model (epoch =   22, top2acc = 0.6239)
Saving model (epoch =   28, top2acc = 0.6514)
Saving model (epoch =   35, top2acc = 0.6606)
Saving model (epoch =   66, top2acc = 0.6697)
Saving model (epoch =   79, top2acc = 0.6789)
ACC: 0.8967721316714605 Top2: 0.6029411764705882 AUC: 0.7611618612617757 MCC: 0.2776377692109231
Saving model (epoch =    1, top2acc = 0.4537)
Saving model (epoch =    2, top2acc = 0.5093)
Saving model (epoch =    4, top2acc = 0.5463)
Saving model (epoch =    5, top2acc = 0.5741)
Saving model (epoch =    8, top2acc = 0.6019)
Saving model (epoch =   11, top2acc = 0.6111)
Saving model (epoch =   13, top2acc = 0.6481)
Saving model (epoch =   18, top2acc = 0.6574)
Saving model (epoch =   40, top2acc = 0.6667)
Saving model (epoch =   44, top2acc = 0.6759)
Saving model (epoch =   47, top2acc = 0.7130)
Saving model (epoch =   59, top2acc = 0.7315)
ACC: 0.9025247682965803 Top2: 0.6470588235294118 AUC: 0.7592767046235502 MCC: 0.345578785874474
Saving model (epoch =    1, top2acc = 0.4587)
Saving model (epoch =    2, top2acc = 0.5046)
Saving model (epoch =    4, top2acc = 0.5229)
Saving model (epoch =    5, top2acc = 0.5688)
Saving model (epoch =    7, top2acc = 0.5963)
Saving model (epoch =   11, top2acc = 0.6055)
Saving model (epoch =   14, top2acc = 0.6422)
Saving model (epoch =   16, top2acc = 0.6606)
Saving model (epoch =   26, top2acc = 0.6972)
Saving model (epoch =   45, top2acc = 0.7156)
Saving model (epoch =   72, top2acc = 0.7339)
ACC: 0.8986896772131672 Top2: 0.6985294117647058 AUC: 0.7866209915310687 MCC: 0.315653568588641
Saving model (epoch =    1, top2acc = 0.4312)
Saving model (epoch =    2, top2acc = 0.4771)
Saving model (epoch =    5, top2acc = 0.5046)
Saving model (epoch =    6, top2acc = 0.5229)
Saving model (epoch =   10, top2acc = 0.5596)
Saving model (epoch =   14, top2acc = 0.5872)
Saving model (epoch =   20, top2acc = 0.5963)
Saving model (epoch =   32, top2acc = 0.6239)
Saving model (epoch =   48, top2acc = 0.6514)
ACC: 0.9025247682965803 Top2: 0.6470588235294118 AUC: 0.765378352946152 MCC: 0.3528797627266478
Saving model (epoch =    1, top2acc = 0.4220)
Saving model (epoch =    2, top2acc = 0.4495)
Saving model (epoch =    4, top2acc = 0.4771)
Saving model (epoch =    5, top2acc = 0.4954)
Saving model (epoch =    6, top2acc = 0.5046)
Saving model (epoch =    8, top2acc = 0.5505)
Saving model (epoch =   12, top2acc = 0.5872)
Saving model (epoch =   16, top2acc = 0.6239)
Saving model (epoch =   21, top2acc = 0.6789)
Saving model (epoch =   48, top2acc = 0.7156)
Saving model (epoch =   73, top2acc = 0.7431)
ACC: 0.9022051773729626 Top2: 0.6176470588235294 AUC: 0.7675616667195314 MCC: 0.3392556206532045
Saving model (epoch =    1, top2acc = 0.3945)
Saving model (epoch =    2, top2acc = 0.4220)
Saving model (epoch =    3, top2acc = 0.4587)
Saving model (epoch =    4, top2acc = 0.4954)
Saving model (epoch =    6, top2acc = 0.5046)
Saving model (epoch =    7, top2acc = 0.5229)
Saving model (epoch =    8, top2acc = 0.5413)
Saving model (epoch =   10, top2acc = 0.5596)
Saving model (epoch =   16, top2acc = 0.5872)
Saving model (epoch =   20, top2acc = 0.6330)
Saving model (epoch =   32, top2acc = 0.6422)
Saving model (epoch =   39, top2acc = 0.6514)
Saving model (epoch =   55, top2acc = 0.6697)
Saving model (epoch =   62, top2acc = 0.6789)
Saving model (epoch =   71, top2acc = 0.6881)
Saving model (epoch =   77, top2acc = 0.6972)
Saving model (epoch =   78, top2acc = 0.7064)
ACC: 0.9012464046021093 Top2: 0.6544117647058824 AUC: 0.7684857423795477 MCC: 0.32121930456634906
Saving model (epoch =    1, top2acc = 0.4907)
Saving model (epoch =    2, top2acc = 0.5370)
Saving model (epoch =    3, top2acc = 0.5556)
Saving model (epoch =    6, top2acc = 0.6204)
Saving model (epoch =   20, top2acc = 0.6574)
Saving model (epoch =   30, top2acc = 0.6852)
Saving model (epoch =   86, top2acc = 0.6944)
ACC: 0.901565995525727 Top2: 0.6691176470588235 AUC: 0.7709376090335268 MCC: 0.34298567661252777
Saving model (epoch =    1, top2acc = 0.4312)
Saving model (epoch =    2, top2acc = 0.5046)
Saving model (epoch =    3, top2acc = 0.5321)
Saving model (epoch =    4, top2acc = 0.5505)
Saving model (epoch =    8, top2acc = 0.5596)
Saving model (epoch =   10, top2acc = 0.5688)
Saving model (epoch =   13, top2acc = 0.5780)
Saving model (epoch =   19, top2acc = 0.6147)
Saving model (epoch =   28, top2acc = 0.6330)
Saving model (epoch =   34, top2acc = 0.6514)
Saving model (epoch =   41, top2acc = 0.6606)
Saving model (epoch =   53, top2acc = 0.6789)
Saving model (epoch =   59, top2acc = 0.6972)
ACC: 0.9034835410674337 Top2: 0.6323529411764706 AUC: 0.7631474609065245 MCC: 0.352787502368963
Saving model (epoch =    1, top2acc = 0.4954)
Saving model (epoch =    2, top2acc = 0.5688)
Saving model (epoch =    7, top2acc = 0.5963)
Saving model (epoch =   16, top2acc = 0.6514)
Saving model (epoch =   29, top2acc = 0.6697)
Saving model (epoch =   32, top2acc = 0.6789)
Saving model (epoch =   42, top2acc = 0.6972)
Saving model (epoch =   43, top2acc = 0.7156)
Saving model (epoch =   68, top2acc = 0.7248)
Saving model (epoch =   70, top2acc = 0.7339)
Saving model (epoch =   73, top2acc = 0.7523)
ACC: 0.8993288590604027 Top2: 0.6397058823529411 AUC: 0.7629777650902401 MCC: 0.33240112929164295
Saving model (epoch =    1, top2acc = 0.4679)
Saving model (epoch =    2, top2acc = 0.5321)
Saving model (epoch =    4, top2acc = 0.5413)
Saving model (epoch =    5, top2acc = 0.5596)
Saving model (epoch =    6, top2acc = 0.6055)
Saving model (epoch =    9, top2acc = 0.6239)
Saving model (epoch =   19, top2acc = 0.6422)
Saving model (epoch =   26, top2acc = 0.6606)
Saving model (epoch =   32, top2acc = 0.6789)
Saving model (epoch =   48, top2acc = 0.6881)
Saving model (epoch =   57, top2acc = 0.6972)
Saving model (epoch =   82, top2acc = 0.7156)
Saving model (epoch =   99, top2acc = 0.7248)
ACC: 0.9018855864493448 Top2: 0.6470588235294118 AUC: 0.7679296053118491 MCC: 0.3507980466796677
Saving model (epoch =    1, top2acc = 0.3670)
Saving model (epoch =    2, top2acc = 0.4862)
Saving model (epoch =    6, top2acc = 0.4954)
Saving model (epoch =    7, top2acc = 0.5229)
Saving model (epoch =   14, top2acc = 0.5688)
Saving model (epoch =   26, top2acc = 0.5963)
Saving model (epoch =   38, top2acc = 0.6239)
Saving model (epoch =   53, top2acc = 0.6422)
Saving model (epoch =   60, top2acc = 0.6697)
ACC: 0.9031639501438159 Top2: 0.625 AUC: 0.758486376756431 MCC: 0.35510878909157667
Saving model (epoch =    1, top2acc = 0.4259)
Saving model (epoch =    3, top2acc = 0.4907)
Saving model (epoch =    4, top2acc = 0.5000)
Saving model (epoch =    5, top2acc = 0.5185)
Saving model (epoch =    6, top2acc = 0.5833)
Saving model (epoch =   15, top2acc = 0.5926)
Saving model (epoch =   16, top2acc = 0.6111)
Saving model (epoch =   26, top2acc = 0.6204)
Saving model (epoch =   27, top2acc = 0.6481)
Saving model (epoch =   52, top2acc = 0.6759)
Saving model (epoch =   64, top2acc = 0.6944)
Saving model (epoch =   68, top2acc = 0.7037)
ACC: 0.8970917225950783 Top2: 0.6029411764705882 AUC: 0.7477659360759561 MCC: 0.26046099007076995
cdksage.py:56: RuntimeWarning: invalid value encountered in true_divide
  return up / down
cdksage.py:56: RuntimeWarning: invalid value encountered in true_divide
  return up / down
cdksage.py:56: RuntimeWarning: invalid value encountered in true_divide
  return up / down
cdksage.py:56: RuntimeWarning: invalid value encountered in true_divide
  return up / down
cdksage.py:56: RuntimeWarning: invalid value encountered in true_divide
  return up / down
cdksage.py:56: RuntimeWarning: invalid value encountered in true_divide
  return up / down
cdksage.py:56: RuntimeWarning: invalid value encountered in true_divide
  return up / down
cdksage.py:56: RuntimeWarning: invalid value encountered in true_divide
  return up / down
cdksage.py:56: RuntimeWarning: invalid value encountered in true_divide
  return up / down
cdksage.py:56: RuntimeWarning: invalid value encountered in true_divide
  return up / down
cdksage.py:56: RuntimeWarning: invalid value encountered in true_divide
  return up / down
cdksage.py:56: RuntimeWarning: invalid value encountered in true_divide
  return up / down
cdksage.py:56: RuntimeWarning: invalid value encountered in true_divide
  return up / down
cdksage.py:56: RuntimeWarning: invalid value encountered in true_divide
  return up / down
cdksage.py:56: RuntimeWarning: invalid value encountered in true_divide
  return up / down
cdksage.py:56: RuntimeWarning: invalid value encountered in true_divide
  return up / down
cdksage.py:56: RuntimeWarning: invalid value encountered in true_divide
  return up / down
cdksage.py:56: RuntimeWarning: invalid value encountered in true_divide
  return up / down
cdksage.py:56: RuntimeWarning: invalid value encountered in true_divide
  return up / down
cdksage.py:56: RuntimeWarning: invalid value encountered in true_divide
  return up / down
cdksage.py:56: RuntimeWarning: invalid value encountered in true_divide
  return up / down
cdksage.py:56: RuntimeWarning: invalid value encountered in true_divide
  return up / down
cdksage.py:56: RuntimeWarning: invalid value encountered in true_divide
  return up / down
cdksage.py:56: RuntimeWarning: invalid value encountered in true_divide
  return up / down
cdksage.py:56: RuntimeWarning: invalid value encountered in true_divide
  return up / down
cdksage.py:56: RuntimeWarning: invalid value encountered in true_divide
  return up / down
cdksage.py:56: RuntimeWarning: invalid value encountered in true_divide
  return up / down
cdksage.py:56: RuntimeWarning: invalid value encountered in true_divide
  return up / down
cdksage.py:56: RuntimeWarning: invalid value encountered in true_divide
  return up / down
cdksage.py:56: RuntimeWarning: invalid value encountered in true_divide
  return up / down
cdksage.py:56: RuntimeWarning: invalid value encountered in true_divide
  return up / down
cdksage.py:56: RuntimeWarning: invalid value encountered in true_divide
  return up / down
cdksage.py:56: RuntimeWarning: invalid value encountered in true_divide
  return up / down
cdksage.py:56: RuntimeWarning: invalid value encountered in true_divide
  return up / down
cdksage.py:56: RuntimeWarning: invalid value encountered in true_divide
  return up / down
cdksage.py:56: RuntimeWarning: invalid value encountered in true_divide
  return up / down
cdksage.py:56: RuntimeWarning: invalid value encountered in true_divide
  return up / down
cdksage.py:56: RuntimeWarning: invalid value encountered in true_divide
  return up / down
cdksage.py:56: RuntimeWarning: invalid value encountered in true_divide
  return up / down
cdksage.py:56: RuntimeWarning: invalid value encountered in true_divide
  return up / down
cdksage.py:56: RuntimeWarning: invalid value encountered in true_divide
  return up / down
cdksage.py:56: RuntimeWarning: invalid value encountered in true_divide
  return up / down
cdksage.py:56: RuntimeWarning: invalid value encountered in true_divide
  return up / down
cdksage.py:56: RuntimeWarning: invalid value encountered in true_divide
  return up / down
cdksage.py:56: RuntimeWarning: invalid value encountered in true_divide
  return up / down
cdksage.py:56: RuntimeWarning: invalid value encountered in true_divide
  return up / down
cdksage.py:56: RuntimeWarning: invalid value encountered in true_divide
  return up / down
cdksage.py:56: RuntimeWarning: invalid value encountered in true_divide
  return up / down
cdksage.py:56: RuntimeWarning: invalid value encountered in true_divide
  return up / down
cdksage.py:56: RuntimeWarning: invalid value encountered in true_divide
  return up / down
cdksage.py:56: RuntimeWarning: invalid value encountered in true_divide
  return up / down
cdksage.py:56: RuntimeWarning: invalid value encountered in true_divide
  return up / down
cdksage.py:56: RuntimeWarning: invalid value encountered in true_divide
  return up / down
cdksage.py:56: RuntimeWarning: invalid value encountered in true_divide
  return up / down
cdksage.py:56: RuntimeWarning: invalid value encountered in true_divide
  return up / down
cdksage.py:56: RuntimeWarning: invalid value encountered in true_divide
  return up / down
cdksage.py:56: RuntimeWarning: invalid value encountered in true_divide
  return up / down
cdksage.py:56: RuntimeWarning: invalid value encountered in true_divide
  return up / down
cdksage.py:56: RuntimeWarning: invalid value encountered in true_divide
  return up / down
cdksage.py:56: RuntimeWarning: invalid value encountered in true_divide
  return up / down
cdksage.py:56: RuntimeWarning: invalid value encountered in true_divide
  return up / down
cdksage.py:56: RuntimeWarning: invalid value encountered in true_divide
  return up / down
cdksage.py:56: RuntimeWarning: invalid value encountered in true_divide
  return up / down
cdksage.py:56: RuntimeWarning: invalid value encountered in true_divide
  return up / down
cdksage.py:56: RuntimeWarning: invalid value encountered in true_divide
  return up / down
cdksage.py:56: RuntimeWarning: invalid value encountered in true_divide
  return up / down
cdksage.py:56: RuntimeWarning: invalid value encountered in true_divide
  return up / down
cdksage.py:56: RuntimeWarning: invalid value encountered in true_divide
  return up / down
cdksage.py:56: RuntimeWarning: invalid value encountered in true_divide
  return up / down
cdksage.py:56: RuntimeWarning: invalid value encountered in true_divide
  return up / down
cdksage.py:56: RuntimeWarning: invalid value encountered in true_divide
  return up / down
cdksage.py:56: RuntimeWarning: invalid value encountered in true_divide
  return up / down
cdksage.py:56: RuntimeWarning: invalid value encountered in true_divide
  return up / down
cdksage.py:56: RuntimeWarning: invalid value encountered in true_divide
  return up / down
cdksage.py:56: RuntimeWarning: invalid value encountered in true_divide
  return up / down
cdksage.py:56: RuntimeWarning: invalid value encountered in true_divide
  return up / down
cdksage.py:56: RuntimeWarning: invalid value encountered in true_divide
  return up / down
cdksage.py:56: RuntimeWarning: invalid value encountered in true_divide
  return up / down
cdksage.py:56: RuntimeWarning: invalid value encountered in true_divide
  return up / down
cdksage.py:56: RuntimeWarning: invalid value encountered in true_divide
  return up / down
cdksage.py:56: RuntimeWarning: invalid value encountered in true_divide
  return up / down
cdksage.py:56: RuntimeWarning: invalid value encountered in true_divide
  return up / down
cdksage.py:56: RuntimeWarning: invalid value encountered in true_divide
  return up / down
cdksage.py:56: RuntimeWarning: invalid value encountered in true_divide
  return up / down
cdksage.py:56: RuntimeWarning: invalid value encountered in true_divide
  return up / down
cdksage.py:56: RuntimeWarning: invalid value encountered in true_divide
  return up / down
cdksage.py:56: RuntimeWarning: invalid value encountered in true_divide
  return up / down
cdksage.py:56: RuntimeWarning: invalid value encountered in true_divide
  return up / down
cdksage.py:56: RuntimeWarning: invalid value encountered in true_divide
  return up / down
cdksage.py:56: RuntimeWarning: invalid value encountered in true_divide
  return up / down
Saving model (epoch =    1, top2acc = 0.4352)
Saving model (epoch =    2, top2acc = 0.4815)
Saving model (epoch =    3, top2acc = 0.5370)
Saving model (epoch =    4, top2acc = 0.5463)
Saving model (epoch =   14, top2acc = 0.5741)
Saving model (epoch =   16, top2acc = 0.5833)
ACC: 0.8989394884591391 Top2: 0.5441176470588235 AUC: 0.7104021514031071 MCC: 0.14681307364954588
Saving model (epoch =    1, top2acc = 0.5000)
Saving model (epoch =    2, top2acc = 0.5463)
Saving model (epoch =    4, top2acc = 0.5833)
Saving model (epoch =    8, top2acc = 0.5926)
Saving model (epoch =    9, top2acc = 0.6389)
Saving model (epoch =   13, top2acc = 0.6481)
Saving model (epoch =   28, top2acc = 0.6574)
Saving model (epoch =   30, top2acc = 0.6667)
Saving model (epoch =   33, top2acc = 0.6944)
Saving model (epoch =   38, top2acc = 0.7037)
Saving model (epoch =   59, top2acc = 0.7222)
ACC: 0.9004990642545228 Top2: 0.625 AUC: 0.7498223583268355 MCC: 0.2299190758905102
Saving model (epoch =    1, top2acc = 0.4259)
Saving model (epoch =    2, top2acc = 0.4722)
Saving model (epoch =    3, top2acc = 0.4907)
Saving model (epoch =    9, top2acc = 0.5000)
Saving model (epoch =   13, top2acc = 0.5648)
Saving model (epoch =   84, top2acc = 0.5741)
ACC: 0.8983156581409857 Top2: 0.6323529411764706 AUC: 0.7523591233409631 MCC: 0.26642662419920504
Saving model (epoch =    1, top2acc = 0.4630)
Saving model (epoch =    2, top2acc = 0.4722)
Saving model (epoch =    3, top2acc = 0.4907)
Saving model (epoch =    4, top2acc = 0.5370)
Saving model (epoch =    8, top2acc = 0.5556)
Saving model (epoch =   10, top2acc = 0.5833)
Saving model (epoch =   18, top2acc = 0.6019)
Saving model (epoch =   46, top2acc = 0.6389)
ACC: 0.8958203368683718 Top2: 0.6176470588235294 AUC: 0.7278267558752756 MCC: 0.1409096480949079
Saving model (epoch =    1, top2acc = 0.4679)
Saving model (epoch =    2, top2acc = 0.5413)
Saving model (epoch =    3, top2acc = 0.5872)
Saving model (epoch =   11, top2acc = 0.5963)
Saving model (epoch =   14, top2acc = 0.6055)
Saving model (epoch =   15, top2acc = 0.6239)
Saving model (epoch =   18, top2acc = 0.6330)
Saving model (epoch =   62, top2acc = 0.6422)
ACC: 0.9014348097317529 Top2: 0.5588235294117647 AUC: 0.7212099965624502 MCC: 0.2565878947932497
Saving model (epoch =    1, top2acc = 0.4815)
Saving model (epoch =    2, top2acc = 0.5278)
Saving model (epoch =    4, top2acc = 0.5370)
Saving model (epoch =    5, top2acc = 0.6389)
Saving model (epoch =   14, top2acc = 0.6481)
Saving model (epoch =   23, top2acc = 0.6574)
Saving model (epoch =   44, top2acc = 0.6759)
ACC: 0.8992514036182159 Top2: 0.6029411764705882 AUC: 0.726703263995439 MCC: 0.20738360994055513
Saving model (epoch =    1, top2acc = 0.4444)
Saving model (epoch =    2, top2acc = 0.5278)
Saving model (epoch =    3, top2acc = 0.5741)
Saving model (epoch =    6, top2acc = 0.6111)
Saving model (epoch =    7, top2acc = 0.6204)
Saving model (epoch =   14, top2acc = 0.6296)
Saving model (epoch =   26, top2acc = 0.6667)
ACC: 0.8976918278228322 Top2: 0.5808823529411765 AUC: 0.7460059444458418 MCC: 0.10611771240507974
Saving model (epoch =    1, top2acc = 0.5556)
Saving model (epoch =    4, top2acc = 0.5741)
Saving model (epoch =    5, top2acc = 0.5833)
Saving model (epoch =    6, top2acc = 0.6481)
Saving model (epoch =    7, top2acc = 0.6667)
Saving model (epoch =   19, top2acc = 0.6759)
Saving model (epoch =   29, top2acc = 0.6944)
ACC: 0.9001871490954461 Top2: 0.5735294117647058 AUC: 0.7418609720720042 MCC: 0.18110461269007677
Saving model (epoch =    1, top2acc = 0.4074)
Saving model (epoch =    3, top2acc = 0.4259)
Saving model (epoch =    5, top2acc = 0.4444)
Saving model (epoch =    7, top2acc = 0.4537)
Saving model (epoch =    8, top2acc = 0.4722)
Saving model (epoch =   13, top2acc = 0.4815)
Saving model (epoch =   26, top2acc = 0.5093)
Saving model (epoch =   28, top2acc = 0.5185)
Saving model (epoch =   35, top2acc = 0.5278)
Saving model (epoch =   44, top2acc = 0.5556)
Saving model (epoch =   57, top2acc = 0.5648)
ACC: 0.9004990642545228 Top2: 0.5661764705882353 AUC: 0.7204140151419877 MCC: 0.22315157117637116
Saving model (epoch =    1, top2acc = 0.4220)
Saving model (epoch =    2, top2acc = 0.4862)
Saving model (epoch =    4, top2acc = 0.5229)
Saving model (epoch =   11, top2acc = 0.5780)
Saving model (epoch =   42, top2acc = 0.5872)
Saving model (epoch =   56, top2acc = 0.5963)
Saving model (epoch =   81, top2acc = 0.6055)
ACC: 0.8989394884591391 Top2: 0.5588235294117647 AUC: 0.7304232587971928 MCC: 0.2761007984686973
Saving model (epoch =    1, top2acc = 0.3426)
Saving model (epoch =    2, top2acc = 0.3889)
Saving model (epoch =    3, top2acc = 0.4815)
Saving model (epoch =    5, top2acc = 0.5278)
Saving model (epoch =   13, top2acc = 0.5370)
Saving model (epoch =   23, top2acc = 0.5741)
Saving model (epoch =   66, top2acc = 0.5833)
Saving model (epoch =   71, top2acc = 0.6019)
ACC: 0.8917654398003743 Top2: 0.5514705882352942 AUC: 0.7224230953039716 MCC: 0.10848159276508079
Saving model (epoch =    1, top2acc = 0.4444)
Saving model (epoch =    3, top2acc = 0.5370)
Saving model (epoch =    5, top2acc = 0.5556)
Saving model (epoch =   24, top2acc = 0.5833)
Saving model (epoch =   37, top2acc = 0.5926)
Saving model (epoch =   41, top2acc = 0.6019)
ACC: 0.8980037429819089 Top2: 0.5808823529411765 AUC: 0.7343271834729314 MCC: 0.1373813478698558
Saving model (epoch =    1, top2acc = 0.5741)
Saving model (epoch =    2, top2acc = 0.5833)
Saving model (epoch =   12, top2acc = 0.6296)
ACC: 0.8998752339363693 Top2: 0.5441176470588235 AUC: 0.7410141610282466 MCC: 0.24536337800903157
Saving model (epoch =    1, top2acc = 0.4444)
Saving model (epoch =    2, top2acc = 0.4815)
Saving model (epoch =    3, top2acc = 0.5185)
Saving model (epoch =    7, top2acc = 0.5648)
Saving model (epoch =   12, top2acc = 0.6019)
ACC: 0.8958203368683718 Top2: 0.5367647058823529 AUC: 0.7340525987037922 MCC: 0.2556831374698059
Saving model (epoch =    1, top2acc = 0.2569)
Saving model (epoch =    2, top2acc = 0.5596)
Saving model (epoch =    3, top2acc = 0.5780)
Saving model (epoch =    6, top2acc = 0.5872)
Saving model (epoch =    9, top2acc = 0.6147)
Saving model (epoch =   21, top2acc = 0.6422)
Saving model (epoch =   24, top2acc = 0.6606)
Saving model (epoch =   46, top2acc = 0.6697)
ACC: 0.8989394884591391 Top2: 0.6176470588235294 AUC: 0.7360700631335363 MCC: 0.1661439910656821
Saving model (epoch =    1, top2acc = 0.5741)
Saving model (epoch =    3, top2acc = 0.6111)
Saving model (epoch =   13, top2acc = 0.6296)
ACC: 0.9026824703680599 Top2: 0.5441176470588235 AUC: 0.7339682320094575 MCC: 0.26259171476142074
Saving model (epoch =    1, top2acc = 0.4352)
Saving model (epoch =    2, top2acc = 0.4722)
Saving model (epoch =    3, top2acc = 0.5185)
Saving model (epoch =    6, top2acc = 0.5463)
Saving model (epoch =   12, top2acc = 0.5741)
Saving model (epoch =   13, top2acc = 0.5833)
Saving model (epoch =   15, top2acc = 0.5926)
Saving model (epoch =   24, top2acc = 0.6019)
Saving model (epoch =   28, top2acc = 0.6111)
ACC: 0.9039301310043668 Top2: 0.5955882352941176 AUC: 0.7484164214268347 MCC: 0.2703442619712726
Saving model (epoch =    1, top2acc = 0.4352)
Saving model (epoch =    2, top2acc = 0.4722)
Saving model (epoch =    3, top2acc = 0.5278)
Saving model (epoch =    4, top2acc = 0.5370)
Saving model (epoch =    8, top2acc = 0.6019)
ACC: 0.8983156581409857 Top2: 0.5588235294117647 AUC: 0.7256201214041971 MCC: 0.1615439736765456
Saving model (epoch =    1, top2acc = 0.4722)
Saving model (epoch =    2, top2acc = 0.4907)
Saving model (epoch =    4, top2acc = 0.5278)
Saving model (epoch =    6, top2acc = 0.5556)
Saving model (epoch =    9, top2acc = 0.5648)
Saving model (epoch =   11, top2acc = 0.5833)
Saving model (epoch =   16, top2acc = 0.6019)
Saving model (epoch =   22, top2acc = 0.6111)
Saving model (epoch =   25, top2acc = 0.6204)
Saving model (epoch =   58, top2acc = 0.6481)
Saving model (epoch =   89, top2acc = 0.6574)
ACC: 0.8973799126637555 Top2: 0.6323529411764706 AUC: 0.7289429115208222 MCC: 0.1026083213072362
Saving model (epoch =    1, top2acc = 0.5321)
Saving model (epoch =    3, top2acc = 0.5505)
cdksage.py:56: RuntimeWarning: invalid value encountered in true_divide
  return up / down
cdksage.py:56: RuntimeWarning: invalid value encountered in true_divide
  return up / down
cdksage.py:56: RuntimeWarning: invalid value encountered in true_divide
  return up / down
cdksage.py:56: RuntimeWarning: invalid value encountered in true_divide
  return up / down
cdksage.py:56: RuntimeWarning: invalid value encountered in true_divide
  return up / down
cdksage.py:56: RuntimeWarning: invalid value encountered in true_divide
  return up / down
cdksage.py:56: RuntimeWarning: invalid value encountered in true_divide
  return up / down
cdksage.py:56: RuntimeWarning: invalid value encountered in true_divide
  return up / down
cdksage.py:56: RuntimeWarning: invalid value encountered in true_divide
  return up / down
cdksage.py:56: RuntimeWarning: invalid value encountered in true_divide
  return up / down
cdksage.py:56: RuntimeWarning: invalid value encountered in true_divide
  return up / down
cdksage.py:56: RuntimeWarning: invalid value encountered in true_divide
  return up / down
cdksage.py:56: RuntimeWarning: invalid value encountered in true_divide
  return up / down
cdksage.py:56: RuntimeWarning: invalid value encountered in true_divide
  return up / down
cdksage.py:56: RuntimeWarning: invalid value encountered in true_divide
  return up / down
cdksage.py:56: RuntimeWarning: invalid value encountered in true_divide
  return up / down
cdksage.py:56: RuntimeWarning: invalid value encountered in true_divide
  return up / down
cdksage.py:56: RuntimeWarning: invalid value encountered in true_divide
  return up / down
cdksage.py:56: RuntimeWarning: invalid value encountered in true_divide
  return up / down
cdksage.py:56: RuntimeWarning: invalid value encountered in true_divide
  return up / down
cdksage.py:56: RuntimeWarning: invalid value encountered in true_divide
  return up / down
cdksage.py:56: RuntimeWarning: invalid value encountered in true_divide
  return up / down
cdksage.py:56: RuntimeWarning: invalid value encountered in true_divide
  return up / down
cdksage.py:56: RuntimeWarning: invalid value encountered in true_divide
  return up / down
cdksage.py:56: RuntimeWarning: invalid value encountered in true_divide
  return up / down
cdksage.py:56: RuntimeWarning: invalid value encountered in true_divide
  return up / down
cdksage.py:56: RuntimeWarning: invalid value encountered in true_divide
  return up / down
cdksage.py:56: RuntimeWarning: invalid value encountered in true_divide
  return up / down
cdksage.py:56: RuntimeWarning: invalid value encountered in true_divide
  return up / down
cdksage.py:56: RuntimeWarning: invalid value encountered in true_divide
  return up / down
cdksage.py:56: RuntimeWarning: invalid value encountered in true_divide
  return up / down
cdksage.py:56: RuntimeWarning: invalid value encountered in true_divide
  return up / down
cdksage.py:56: RuntimeWarning: invalid value encountered in true_divide
  return up / down
cdksage.py:56: RuntimeWarning: invalid value encountered in true_divide
  return up / down
cdksage.py:56: RuntimeWarning: invalid value encountered in true_divide
  return up / down
cdksage.py:56: RuntimeWarning: invalid value encountered in true_divide
  return up / down
cdksage.py:56: RuntimeWarning: invalid value encountered in true_divide
  return up / down
cdksage.py:56: RuntimeWarning: invalid value encountered in true_divide
  return up / down
cdksage.py:56: RuntimeWarning: invalid value encountered in true_divide
  return up / down
cdksage.py:56: RuntimeWarning: invalid value encountered in true_divide
  return up / down
cdksage.py:56: RuntimeWarning: invalid value encountered in true_divide
  return up / down
Saving model (epoch =    6, top2acc = 0.5780)
Saving model (epoch =   17, top2acc = 0.6147)
ACC: 0.9036182158452901 Top2: 0.5367647058823529 AUC: 0.7311977555315207 MCC: 0.27239986777063235
Saving model (epoch =    1, top2acc = 0.5185)
Saving model (epoch =    2, top2acc = 0.5463)
Saving model (epoch =    3, top2acc = 0.5556)
Saving model (epoch =    4, top2acc = 0.5833)
Saving model (epoch =    5, top2acc = 0.6111)
Saving model (epoch =   13, top2acc = 0.6204)
Saving model (epoch =   16, top2acc = 0.6296)
Saving model (epoch =   23, top2acc = 0.6389)
Saving model (epoch =   31, top2acc = 0.6667)
ACC: 0.9004990642545228 Top2: 0.5882352941176471 AUC: 0.7433554678002197 MCC: 0.2867583196429133
Saving model (epoch =    1, top2acc = 0.4815)
Saving model (epoch =    2, top2acc = 0.5185)
Saving model (epoch =    4, top2acc = 0.5463)
Saving model (epoch =    7, top2acc = 0.6204)
Saving model (epoch =   62, top2acc = 0.6389)
ACC: 0.9001871490954461 Top2: 0.5808823529411765 AUC: 0.7465147646955252 MCC: 0.2790059781046833
Saving model (epoch =    1, top2acc = 0.5000)
Saving model (epoch =    2, top2acc = 0.5185)
Saving model (epoch =    3, top2acc = 0.5278)
Saving model (epoch =    4, top2acc = 0.5648)
Saving model (epoch =   12, top2acc = 0.5926)
Saving model (epoch =   22, top2acc = 0.6389)
Saving model (epoch =   62, top2acc = 0.6481)
Saving model (epoch =  100, top2acc = 0.6667)
ACC: 0.8873986275733 Top2: 0.5441176470588235 AUC: 0.7359830763555265 MCC: 0.23821545159075558
Saving model (epoch =    1, top2acc = 0.4352)
Saving model (epoch =    2, top2acc = 0.4630)
Saving model (epoch =    3, top2acc = 0.5000)
Saving model (epoch =    6, top2acc = 0.5278)
Saving model (epoch =    8, top2acc = 0.5463)
Saving model (epoch =   10, top2acc = 0.5648)
Saving model (epoch =   19, top2acc = 0.5833)
ACC: 0.8983156581409857 Top2: 0.5 AUC: 0.7275380226542915 MCC: 0.12740162753589604
Saving model (epoch =    1, top2acc = 0.4862)
Saving model (epoch =    2, top2acc = 0.5046)
Saving model (epoch =    6, top2acc = 0.5321)
Saving model (epoch =   15, top2acc = 0.5505)
Saving model (epoch =   19, top2acc = 0.5596)
ACC: 0.8998752339363693 Top2: 0.5588235294117647 AUC: 0.7304143505126979 MCC: 0.21526759055846315
Saving model (epoch =    1, top2acc = 0.6972)
Saving model (epoch =    2, top2acc = 0.7431)
Saving model (epoch =    6, top2acc = 0.7982)
Saving model (epoch =   92, top2acc = 0.8073)
ACC: 0.9031639501438159 Top2: 0.7941176470588235 AUC: 0.854478700796143 MCC: 0.45988397978693585
Saving model (epoch =    1, top2acc = 0.6881)
Saving model (epoch =    2, top2acc = 0.7523)
Saving model (epoch =    5, top2acc = 0.7615)
Saving model (epoch =    7, top2acc = 0.7706)
Saving model (epoch =    8, top2acc = 0.7982)
Saving model (epoch =   10, top2acc = 0.8165)
Saving model (epoch =   11, top2acc = 0.8440)
Saving model (epoch =   13, top2acc = 0.8624)
Saving model (epoch =   33, top2acc = 0.8716)
Saving model (epoch =   43, top2acc = 0.9083)
ACC: 0.9018855864493448 Top2: 0.7941176470588235 AUC: 0.8701129190852285 MCC: 0.4179797300177279
Saving model (epoch =    1, top2acc = 0.6697)
Saving model (epoch =    2, top2acc = 0.7706)
Saving model (epoch =    4, top2acc = 0.8257)
Saving model (epoch =    9, top2acc = 0.8440)
Saving model (epoch =   12, top2acc = 0.8532)
ACC: 0.904442313838287 Top2: 0.7573529411764706 AUC: 0.8519089457713493 MCC: 0.36139096721542935
Saving model (epoch =    1, top2acc = 0.5688)
Saving model (epoch =    2, top2acc = 0.6147)
Saving model (epoch =    3, top2acc = 0.6972)
Saving model (epoch =    6, top2acc = 0.7064)
Saving model (epoch =    7, top2acc = 0.7156)
Saving model (epoch =    8, top2acc = 0.7339)
Saving model (epoch =    9, top2acc = 0.7431)
Saving model (epoch =   13, top2acc = 0.7523)
Saving model (epoch =   14, top2acc = 0.7706)
Saving model (epoch =   17, top2acc = 0.7798)
Saving model (epoch =   18, top2acc = 0.7890)
Saving model (epoch =   25, top2acc = 0.8349)
Saving model (epoch =   34, top2acc = 0.8440)
Saving model (epoch =   68, top2acc = 0.8532)
Saving model (epoch =   92, top2acc = 0.8807)
ACC: 0.9121124960051135 Top2: 0.8014705882352942 AUC: 0.875646800097271 MCC: 0.4856759867036133
Saving model (epoch =    1, top2acc = 0.5648)
Saving model (epoch =    2, top2acc = 0.6759)
Saving model (epoch =    3, top2acc = 0.7500)
Saving model (epoch =    4, top2acc = 0.7870)
Saving model (epoch =    6, top2acc = 0.8148)
Saving model (epoch =    7, top2acc = 0.8241)
Saving model (epoch =    9, top2acc = 0.8426)
Saving model (epoch =   11, top2acc = 0.8611)
ACC: 0.8967721316714605 Top2: 0.75 AUC: 0.8411578435415146 MCC: 0.3629103879359796
Saving model (epoch =    1, top2acc = 0.6606)
Saving model (epoch =    2, top2acc = 0.6697)
Saving model (epoch =    3, top2acc = 0.7248)
Saving model (epoch =    8, top2acc = 0.7890)
Saving model (epoch =   16, top2acc = 0.8073)
Saving model (epoch =   45, top2acc = 0.8165)
Saving model (epoch =   46, top2acc = 0.8624)
ACC: 0.9143496324704379 Top2: 0.7941176470588235 AUC: 0.8744451845508083 MCC: 0.44723414820654783
Saving model (epoch =    1, top2acc = 0.5872)
Saving model (epoch =    2, top2acc = 0.6972)
Saving model (epoch =    4, top2acc = 0.7615)
Saving model (epoch =    8, top2acc = 0.7890)
Saving model (epoch =   10, top2acc = 0.8073)
Saving model (epoch =   12, top2acc = 0.8257)
Saving model (epoch =   18, top2acc = 0.8349)
Saving model (epoch =   42, top2acc = 0.8440)
Saving model (epoch =   44, top2acc = 0.8532)
Saving model (epoch =   65, top2acc = 0.8624)
ACC: 0.9092361776925535 Top2: 0.8088235294117647 AUC: 0.8615303285014961 MCC: 0.42265593951605257
Saving model (epoch =    1, top2acc = 0.6606)
Saving model (epoch =    2, top2acc = 0.7615)
Saving model (epoch =    3, top2acc = 0.7706)
Saving model (epoch =    4, top2acc = 0.7890)
Saving model (epoch =    6, top2acc = 0.8073)
Saving model (epoch =    8, top2acc = 0.8349)
Saving model (epoch =   15, top2acc = 0.8440)
Saving model (epoch =   39, top2acc = 0.8624)
Saving model (epoch =   56, top2acc = 0.8716)
Saving model (epoch =   64, top2acc = 0.8899)
Saving model (epoch =   74, top2acc = 0.8991)
Saving model (epoch =   91, top2acc = 0.9083)
ACC: 0.9082774049217002 Top2: 0.7647058823529411 AUC: 0.8562840316765523 MCC: 0.3963312286939656
Saving model (epoch =    1, top2acc = 0.6606)
Saving model (epoch =    2, top2acc = 0.7431)
Saving model (epoch =    4, top2acc = 0.7523)
Saving model (epoch =    5, top2acc = 0.7982)
Saving model (epoch =   11, top2acc = 0.8257)
Saving model (epoch =   33, top2acc = 0.8440)
ACC: 0.9105145413870246 Top2: 0.8529411764705882 AUC: 0.8741417409416267 MCC: 0.4550631516427434
Saving model (epoch =    1, top2acc = 0.6667)
Saving model (epoch =    2, top2acc = 0.7222)
Saving model (epoch =    3, top2acc = 0.7593)
Saving model (epoch =    8, top2acc = 0.8241)
Saving model (epoch =   13, top2acc = 0.8333)
Saving model (epoch =   16, top2acc = 0.8426)
Saving model (epoch =   29, top2acc = 0.8519)
ACC: 0.909875359539789 Top2: 0.8161764705882353 AUC: 0.870280500311902 MCC: 0.47758441119049727
Saving model (epoch =    1, top2acc = 0.6972)
Saving model (epoch =    2, top2acc = 0.7431)
Saving model (epoch =    3, top2acc = 0.7798)
Saving model (epoch =    5, top2acc = 0.8073)
Saving model (epoch =    7, top2acc = 0.8532)
Saving model (epoch =   14, top2acc = 0.8624)
Saving model (epoch =   22, top2acc = 0.8807)
Saving model (epoch =   32, top2acc = 0.8899)
ACC: 0.9153084052412912 Top2: 0.7720588235294118 AUC: 0.8665133589198676 MCC: 0.454453818894412
Saving model (epoch =    1, top2acc = 0.6330)
Saving model (epoch =    2, top2acc = 0.6881)
Saving model (epoch =    5, top2acc = 0.7248)
Saving model (epoch =    6, top2acc = 0.7523)
Saving model (epoch =   10, top2acc = 0.7615)
Saving model (epoch =   14, top2acc = 0.7706)
Saving model (epoch =   15, top2acc = 0.7890)
Saving model (epoch =   59, top2acc = 0.8165)
ACC: 0.8986896772131672 Top2: 0.8014705882352942 AUC: 0.8678460790222138 MCC: 0.4790297645791276
Saving model (epoch =    1, top2acc = 0.6789)
Saving model (epoch =    2, top2acc = 0.6972)
Saving model (epoch =    4, top2acc = 0.7431)
Saving model (epoch =   18, top2acc = 0.7615)
Saving model (epoch =   25, top2acc = 0.7706)
Saving model (epoch =   26, top2acc = 0.7890)
Saving model (epoch =   39, top2acc = 0.8073)
Saving model (epoch =   69, top2acc = 0.8165)
ACC: 0.9057206775327581 Top2: 0.7794117647058824 AUC: 0.8677921569871327 MCC: 0.48589981709201263
Saving model (epoch =    1, top2acc = 0.7523)
Saving model (epoch =    2, top2acc = 0.7615)
Saving model (epoch =    5, top2acc = 0.7706)
Saving model (epoch =    6, top2acc = 0.8165)
Saving model (epoch =   10, top2acc = 0.8257)
Saving model (epoch =   12, top2acc = 0.8440)
ACC: 0.9050814956855225 Top2: 0.7573529411764706 AUC: 0.8482750235248093 MCC: 0.41755813736985575
Saving model (epoch =    1, top2acc = 0.6389)
Saving model (epoch =    2, top2acc = 0.7500)
Saving model (epoch =    4, top2acc = 0.7963)
Saving model (epoch =    5, top2acc = 0.8241)
Saving model (epoch =   11, top2acc = 0.8611)
Saving model (epoch =   13, top2acc = 0.8889)
Saving model (epoch =   53, top2acc = 0.8981)
Saving model (epoch =   72, top2acc = 0.9074)
ACC: 0.9082774049217002 Top2: 0.7941176470588235 AUC: 0.8665339761685751 MCC: 0.4423290586007711
Saving model (epoch =    1, top2acc = 0.6514)
Saving model (epoch =    2, top2acc = 0.7431)
Saving model (epoch =    3, top2acc = 0.7798)
Saving model (epoch =    4, top2acc = 0.8165)
Saving model (epoch =    8, top2acc = 0.8440)
Saving model (epoch =   16, top2acc = 0.8532)
Saving model (epoch =   22, top2acc = 0.8716)
Saving model (epoch =   93, top2acc = 0.8807)
ACC: 0.8993288590604027 Top2: 0.75 AUC: 0.8556935325276747 MCC: 0.42117126424716395
Saving model (epoch =    1, top2acc = 0.6330)
Saving model (epoch =    2, top2acc = 0.6789)
Saving model (epoch =    3, top2acc = 0.6972)
Saving model (epoch =    4, top2acc = 0.7064)
Saving model (epoch =    5, top2acc = 0.7248)
Saving model (epoch =    6, top2acc = 0.7890)
Saving model (epoch =   12, top2acc = 0.8165)
Saving model (epoch =   68, top2acc = 0.8257)
ACC: 0.9108341323106424 Top2: 0.75 AUC: 0.8663093010224041 MCC: 0.4565635467925968
Saving model (epoch =    1, top2acc = 0.7064)
Saving model (epoch =    2, top2acc = 0.7248)
Saving model (epoch =    3, top2acc = 0.7523)
Saving model (epoch =    4, top2acc = 0.7706)
Saving model (epoch =   15, top2acc = 0.8073)
3g1lsage.py:153: RuntimeWarning: invalid value encountered in true_divide
  return up / down
3g1lsage.py:153: RuntimeWarning: invalid value encountered in true_divide
  return up / down
3g1lsage.py:153: RuntimeWarning: invalid value encountered in true_divide
  return up / down
3g1lsage.py:153: RuntimeWarning: invalid value encountered in true_divide
  return up / down
3g1lsage.py:153: RuntimeWarning: invalid value encountered in true_divide
  return up / down
3g1lsage.py:153: RuntimeWarning: invalid value encountered in true_divide
  return up / down
3g1lsage.py:153: RuntimeWarning: invalid value encountered in true_divide
  return up / down
3g1lsage.py:153: RuntimeWarning: invalid value encountered in true_divide
  return up / down
3g1lsage.py:153: RuntimeWarning: invalid value encountered in true_divide
  return up / down
3g1lsage.py:153: RuntimeWarning: invalid value encountered in true_divide
  return up / down
3g1lsage.py:153: RuntimeWarning: invalid value encountered in true_divide
  return up / down
3g1lsage.py:153: RuntimeWarning: invalid value encountered in true_divide
  return up / down
3g1lsage.py:153: RuntimeWarning: invalid value encountered in true_divide
  return up / down
3g1lsage.py:153: RuntimeWarning: invalid value encountered in true_divide
  return up / down
3g1lsage.py:153: RuntimeWarning: invalid value encountered in true_divide
  return up / down
3g1lsage.py:153: RuntimeWarning: invalid value encountered in true_divide
  return up / down
3g1lsage.py:153: RuntimeWarning: invalid value encountered in true_divide
  return up / down
Saving model (epoch =   26, top2acc = 0.8257)
Saving model (epoch =   45, top2acc = 0.8440)
Saving model (epoch =   77, top2acc = 0.8532)
ACC: 0.9111537232342601 Top2: 0.7573529411764706 AUC: 0.8619548323659085 MCC: 0.47689023273169545
Saving model (epoch =    1, top2acc = 0.6606)
Saving model (epoch =    2, top2acc = 0.7523)
Saving model (epoch =    4, top2acc = 0.8349)
Saving model (epoch =    8, top2acc = 0.8440)
Saving model (epoch =   27, top2acc = 0.8807)
ACC: 0.9054010866091403 Top2: 0.8088235294117647 AUC: 0.8676071303961684 MCC: 0.44428772225588575
Saving model (epoch =    1, top2acc = 0.6574)
Saving model (epoch =    4, top2acc = 0.7315)
Saving model (epoch =    9, top2acc = 0.7870)
Saving model (epoch =   17, top2acc = 0.8241)
Saving model (epoch =   22, top2acc = 0.8333)
Saving model (epoch =   37, top2acc = 0.8426)
Saving model (epoch =   46, top2acc = 0.8611)
Saving model (epoch =   81, top2acc = 0.8704)
Saving model (epoch =   86, top2acc = 0.8889)
Saving model (epoch =   95, top2acc = 0.8981)
ACC: 0.9057206775327581 Top2: 0.7720588235294118 AUC: 0.8595917784755924 MCC: 0.48589981709201263
Saving model (epoch =    1, top2acc = 0.6606)
Saving model (epoch =    2, top2acc = 0.7156)
Saving model (epoch =    3, top2acc = 0.7615)
Saving model (epoch =   14, top2acc = 0.7890)
Saving model (epoch =   15, top2acc = 0.7982)
Saving model (epoch =   99, top2acc = 0.8257)
ACC: 0.9018855864493448 Top2: 0.7794117647058824 AUC: 0.866942620610905 MCC: 0.4417087376966793
Saving model (epoch =    1, top2acc = 0.6055)
Saving model (epoch =    2, top2acc = 0.7156)
Saving model (epoch =    4, top2acc = 0.7615)
Saving model (epoch =    6, top2acc = 0.8073)
Saving model (epoch =   10, top2acc = 0.8165)
Saving model (epoch =   44, top2acc = 0.8257)
Saving model (epoch =   45, top2acc = 0.8349)
Saving model (epoch =   71, top2acc = 0.8440)
ACC: 0.907318632150847 Top2: 0.7867647058823529 AUC: 0.8635502902274241 MCC: 0.4495520705635852
Saving model (epoch =    1, top2acc = 0.6422)
Saving model (epoch =    2, top2acc = 0.7064)
Saving model (epoch =    3, top2acc = 0.7339)
Saving model (epoch =    4, top2acc = 0.7615)
Saving model (epoch =    7, top2acc = 0.7890)
Saving model (epoch =   12, top2acc = 0.7982)
Saving model (epoch =   15, top2acc = 0.8165)
Saving model (epoch =   65, top2acc = 0.8257)
Saving model (epoch =   69, top2acc = 0.8349)
ACC: 0.9063598593799936 Top2: 0.8235294117647058 AUC: 0.8617190556242798 MCC: 0.47661225687992115
Saving model (epoch =    1, top2acc = 0.6789)
Saving model (epoch =    2, top2acc = 0.6972)
Saving model (epoch =    3, top2acc = 0.7156)
Saving model (epoch =    4, top2acc = 0.7523)
Saving model (epoch =    6, top2acc = 0.7982)
Saving model (epoch =    9, top2acc = 0.8073)
Saving model (epoch =   11, top2acc = 0.8440)
Saving model (epoch =   18, top2acc = 0.8532)
Saving model (epoch =   37, top2acc = 0.8624)
ACC: 0.896132949824225 Top2: 0.8161764705882353 AUC: 0.8729834744821898 MCC: 0.4518942915394992
Saving model (epoch =    1, top2acc = 0.6944)
Saving model (epoch =    2, top2acc = 0.7870)
Saving model (epoch =    4, top2acc = 0.7963)
Saving model (epoch =    7, top2acc = 0.8148)
Saving model (epoch =   10, top2acc = 0.8426)
Saving model (epoch =   21, top2acc = 0.8519)
Saving model (epoch =   51, top2acc = 0.8611)
Saving model (epoch =   71, top2acc = 0.8796)
ACC: 0.9153084052412912 Top2: 0.7867647058823529 AUC: 0.8758217823875831 MCC: 0.4868935813305745
Saving model (epoch =    1, top2acc = 0.6330)
Saving model (epoch =    2, top2acc = 0.7431)
Saving model (epoch =    6, top2acc = 0.7798)
Saving model (epoch =   10, top2acc = 0.8073)
Saving model (epoch =   92, top2acc = 0.8165)
Saving model (epoch =  114, top2acc = 0.8257)
Saving model (epoch =  134, top2acc = 0.8349)
ACC: 0.8859060402684564 Top2: 0.7867647058823529 AUC: 0.8500401772026094 MCC: 0.4633303711463892
Saving model (epoch =    1, top2acc = 0.6881)
Saving model (epoch =    2, top2acc = 0.7064)
Saving model (epoch =    3, top2acc = 0.7982)
Saving model (epoch =    4, top2acc = 0.8165)
Saving model (epoch =    9, top2acc = 0.8257)
Saving model (epoch =   14, top2acc = 0.8440)
Saving model (epoch =   17, top2acc = 0.8532)
Saving model (epoch =   19, top2acc = 0.8624)
Saving model (epoch =   24, top2acc = 0.8716)
Saving model (epoch =   27, top2acc = 0.8807)
Saving model (epoch =  129, top2acc = 0.8991)
Saving model (epoch =  156, top2acc = 0.9174)
ACC: 0.9076382230744647 Top2: 0.7573529411764706 AUC: 0.8589521151182585 MCC: 0.461064751493901
Saving model (epoch =    1, top2acc = 0.6972)
Saving model (epoch =    2, top2acc = 0.7064)
Saving model (epoch =    3, top2acc = 0.8073)
Saving model (epoch =    8, top2acc = 0.8165)
Saving model (epoch =   26, top2acc = 0.8440)
Saving model (epoch =  358, top2acc = 0.8532)
ACC: 0.9060402684563759 Top2: 0.7647058823529411 AUC: 0.838249225531555 MCC: 0.45731036025288674
Saving model (epoch =    1, top2acc = 0.5780)
Saving model (epoch =    2, top2acc = 0.6789)
Saving model (epoch =    3, top2acc = 0.6881)
Saving model (epoch =    4, top2acc = 0.6972)
Saving model (epoch =    6, top2acc = 0.7339)
Saving model (epoch =   10, top2acc = 0.7431)
Saving model (epoch =   14, top2acc = 0.7706)
Saving model (epoch =   15, top2acc = 0.7890)
Saving model (epoch =   18, top2acc = 0.8073)
Saving model (epoch =   34, top2acc = 0.8440)
Saving model (epoch =   42, top2acc = 0.8716)
Saving model (epoch =  107, top2acc = 0.8807)
Saving model (epoch =  120, top2acc = 0.8899)
ACC: 0.9130712687759668 Top2: 0.7941176470588235 AUC: 0.8663885981328173 MCC: 0.5035611211515711
Saving model (epoch =    1, top2acc = 0.6667)
Saving model (epoch =    2, top2acc = 0.7130)
Saving model (epoch =    3, top2acc = 0.7407)
Saving model (epoch =    4, top2acc = 0.7500)
Saving model (epoch =    5, top2acc = 0.7593)
Saving model (epoch =    6, top2acc = 0.7778)
Saving model (epoch =    9, top2acc = 0.8148)
Saving model (epoch =   10, top2acc = 0.8241)
Saving model (epoch =   13, top2acc = 0.8426)
Saving model (epoch =   18, top2acc = 0.8611)
Saving model (epoch =   61, top2acc = 0.8704)
ACC: 0.9076382230744647 Top2: 0.8014705882352942 AUC: 0.8620621477886679 MCC: 0.4331038787098671
Saving model (epoch =    1, top2acc = 0.6422)
Saving model (epoch =    2, top2acc = 0.6881)
Saving model (epoch =    3, top2acc = 0.7064)
Saving model (epoch =    7, top2acc = 0.7523)
Saving model (epoch =    9, top2acc = 0.7615)
Saving model (epoch =   13, top2acc = 0.7890)
Saving model (epoch =   16, top2acc = 0.8073)
Saving model (epoch =   20, top2acc = 0.8257)
Saving model (epoch =   46, top2acc = 0.8440)
Saving model (epoch =   96, top2acc = 0.8624)
Saving model (epoch =  110, top2acc = 0.8716)
ACC: 0.9092361776925535 Top2: 0.7573529411764706 AUC: 0.8601373425952357 MCC: 0.45283795995063864
Saving model (epoch =    1, top2acc = 0.5963)
Saving model (epoch =    2, top2acc = 0.6881)
Saving model (epoch =    3, top2acc = 0.7064)
Saving model (epoch =    5, top2acc = 0.7339)
Saving model (epoch =    9, top2acc = 0.7798)
Saving model (epoch =   11, top2acc = 0.7890)
Saving model (epoch =   16, top2acc = 0.8257)
Saving model (epoch =   23, top2acc = 0.8440)
ACC: 0.9031639501438159 Top2: 0.7941176470588235 AUC: 0.8499894270519448 MCC: 0.38938936394272816
Saving model (epoch =    1, top2acc = 0.6972)
Saving model (epoch =    2, top2acc = 0.7982)
Saving model (epoch =    3, top2acc = 0.8257)
Saving model (epoch =   27, top2acc = 0.8440)
Saving model (epoch =   41, top2acc = 0.8716)
Saving model (epoch =   64, top2acc = 0.8807)
Saving model (epoch =   71, top2acc = 0.8991)
Saving model (epoch =   98, top2acc = 0.9083)
Saving model (epoch =  113, top2acc = 0.9174)
Saving model (epoch =  153, top2acc = 0.9266)
Saving model (epoch =  474, top2acc = 0.9358)
ACC: 0.8993288590604027 Top2: 0.7720588235294118 AUC: 0.8484568782313572 MCC: 0.44389303373019995
Saving model (epoch =    1, top2acc = 0.6972)
Saving model (epoch =    2, top2acc = 0.7615)
Saving model (epoch =    3, top2acc = 0.7890)
Saving model (epoch =    5, top2acc = 0.7982)
Saving model (epoch =   16, top2acc = 0.8165)
Saving model (epoch =   23, top2acc = 0.8440)
Saving model (epoch =   91, top2acc = 0.8532)
ACC: 0.909875359539789 Top2: 0.7867647058823529 AUC: 0.8640001691671688 MCC: 0.49100158718529463
Saving model (epoch =    1, top2acc = 0.5556)
Saving model (epoch =    2, top2acc = 0.7130)
Saving model (epoch =    3, top2acc = 0.7500)
Saving model (epoch =    5, top2acc = 0.7963)
Saving model (epoch =    9, top2acc = 0.8148)
Saving model (epoch =   13, top2acc = 0.8241)
Saving model (epoch =   19, top2acc = 0.8426)
Saving model (epoch =   45, top2acc = 0.8519)
Saving model (epoch =   53, top2acc = 0.8611)
ACC: 0.908596995845318 Top2: 0.8235294117647058 AUC: 0.8729025914295683 MCC: 0.4363456656227313
Saving model (epoch =    1, top2acc = 0.7156)
Saving model (epoch =    2, top2acc = 0.7431)
Saving model (epoch =    3, top2acc = 0.7706)
Saving model (epoch =    7, top2acc = 0.8532)
Saving model (epoch =   25, top2acc = 0.8624)
Saving model (epoch =   30, top2acc = 0.8807)
Saving model (epoch =   47, top2acc = 0.8899)
Saving model (epoch =   54, top2acc = 0.9083)
ACC: 0.896132949824225 Top2: 0.8161764705882353 AUC: 0.8707546970321735 MCC: 0.4700354732196157
Saving model (epoch =    1, top2acc = 0.6606)
Saving model (epoch =    3, top2acc = 0.6697)
Saving model (epoch =    5, top2acc = 0.6972)
Saving model (epoch =    7, top2acc = 0.7248)
Saving model (epoch =    9, top2acc = 0.7615)
Saving model (epoch =   15, top2acc = 0.7890)
Saving model (epoch =   76, top2acc = 0.7982)
Saving model (epoch =   79, top2acc = 0.8073)
Saving model (epoch =   91, top2acc = 0.8257)
Saving model (epoch =  357, top2acc = 0.8349)
Saving model (epoch =  361, top2acc = 0.8440)
ACC: 0.900287631831256 Top2: 0.7647058823529411 AUC: 0.8552441822353328 MCC: 0.43457353497847123
Saving model (epoch =    1, top2acc = 0.6514)
Saving model (epoch =    2, top2acc = 0.6972)
Saving model (epoch =    3, top2acc = 0.7064)
Saving model (epoch =    6, top2acc = 0.7156)
Saving model (epoch =   11, top2acc = 0.7248)
Saving model (epoch =   16, top2acc = 0.7615)
Saving model (epoch =   31, top2acc = 0.7982)
Saving model (epoch =   49, top2acc = 0.8349)
ACC: 0.9050814956855225 Top2: 0.8088235294117647 AUC: 0.860499994713526 MCC: 0.4121631603246708
Saving model (epoch =    1, top2acc = 0.6972)
Saving model (epoch =    2, top2acc = 0.7431)
Saving model (epoch =    4, top2acc = 0.7523)
Saving model (epoch =    5, top2acc = 0.7706)
Saving model (epoch =    8, top2acc = 0.8073)
Saving model (epoch =    9, top2acc = 0.8165)
Saving model (epoch =   12, top2acc = 0.8349)
Saving model (epoch =   13, top2acc = 0.8440)
Saving model (epoch =   15, top2acc = 0.8532)
Saving model (epoch =   36, top2acc = 0.8624)
Saving model (epoch =   79, top2acc = 0.8716)
ACC: 0.8970917225950783 Top2: 0.7426470588235294 AUC: 0.8572218521690403 MCC: 0.42928088879312754
Saving model (epoch =    1, top2acc = 0.5556)
Saving model (epoch =    2, top2acc = 0.8056)
Saving model (epoch =    8, top2acc = 0.8148)
Saving model (epoch =   10, top2acc = 0.8241)
Saving model (epoch =   11, top2acc = 0.8519)
Saving model (epoch =   20, top2acc = 0.8611)
Saving model (epoch =   76, top2acc = 0.8704)
Saving model (epoch =   82, top2acc = 0.8796)
Saving model (epoch =   87, top2acc = 0.8889)
Saving model (epoch =   96, top2acc = 0.8981)
Saving model (epoch =  103, top2acc = 0.9074)
Saving model (epoch =  178, top2acc = 0.9167)
ACC: 0.9054010866091403 Top2: 0.7647058823529411 AUC: 0.8543650416045506 MCC: 0.4770356048142411
Saving model (epoch =    1, top2acc = 0.6697)
